[2025-05-03 10:21:48] Intento fallido de inicio de sesión para el usuario: 12345@gmail.com
[2025-05-03 10:22:08] Bloqueo por intentos fallidos para el usuario: admin
[2025-05-03 10:22:30] Bloqueo por intentos fallidos para el usuario: admin
[2025-05-03 10:24:09] Bloqueo por intentos fallidos para el usuario: admin
[2025-05-03 10:25:30] Bloqueo por intentos fallidos para el usuario: admin
[2025-05-03 10:25:38] Bloqueo por intentos fallidos para el usuario: admin
[2025-05-03 10:26:39] Bloqueo por intentos fallidos para el usuario: admin
[2025-05-03 10:26:52] Bloqueo por intentos fallidos para el usuario: admin
[2025-05-03 10:27:11] Bloqueo por intentos fallidos para el usuario: admin
[2025-05-03 10:27:15] Bloqueo por intentos fallidos para el usuario: admin
[2025-05-03 10:27:26] Bloqueo por intentos fallidos para el usuario: admin
[2025-05-03 10:27:38] Bloqueo por intentos fallidos para el usuario: admin
[2025-05-03 10:27:48] Bloqueo por intentos fallidos para el usuario: admin
[2025-05-03 10:30:55] Inicio de sesión exitoso para el usuario: admin
[2025-05-03 10:31:09] Inicio de sesión exitoso para el usuario: admin
[2025-05-03 10:32:04] Intento de inicio de sesión con token CSRF inválido.
[2025-05-03 10:32:05] Intento de inicio de sesión con token CSRF inválido.
[2025-05-03 10:32:05] Intento de inicio de sesión con token CSRF inválido.
[2025-05-03 10:32:05] Intento de inicio de sesión con token CSRF inválido.
[2025-05-03 10:32:06] Intento de inicio de sesión con token CSRF inválido.
[2025-05-03 10:32:06] Intento de inicio de sesión con token CSRF inválido.
[2025-05-03 10:32:06] Intento de inicio de sesión con token CSRF inválido.
[2025-05-03 10:32:22] Intento de inicio de sesión con token CSRF inválido.
[2025-05-03 10:32:23] Intento de inicio de sesión con token CSRF inválido.
[2025-05-03 10:32:23] Intento de inicio de sesión con token CSRF inválido.
[2025-05-03 10:32:23] Intento de inicio de sesión con token CSRF inválido.
[2025-05-03 10:32:23] Intento de inicio de sesión con token CSRF inválido.
[2025-05-03 10:32:24] Intento de inicio de sesión con token CSRF inválido.
[2025-05-03 10:34:11] Inicio de sesión exitoso para el usuario: admin
[2025-05-03 10:34:59] Inicio de sesión exitoso para el usuario: admin
[2025-05-03 10:35:55] Inicio de sesión exitoso para el usuario: admin
[2025-05-03 10:36:24] Inicio de sesión exitoso para el usuario: admin
[2025-05-03 10:37:16] Inicio de sesión exitoso para el usuario: admin
[2025-05-03 10:37:18] Inicio de sesión exitoso para el usuario: admin
[2025-05-03 10:38:06] Inicio de sesión exitoso para el usuario: admin
[2025-05-03 10:46:12] Inicio de sesión exitoso para el usuario: admin
[2025-05-03 10:46:56] Inicio de sesión exitoso para el usuario: admin
[2025-05-03 10:48:03] Inicio de sesión exitoso para el usuario: admin
[2025-05-03 10:49:44] Inicio de sesión exitoso para el usuario: admin
[2025-05-03 10:49:54] Inicio de sesión exitoso para el usuario: admin
[2025-05-03 10:51:50] Inicio de sesión exitoso para el usuario: admin
[2025-05-03 10:52:08] Inicio de sesión exitoso para el usuario: admin
[2025-05-03 10:52:42] Inicio de sesión exitoso para el usuario: admin
[2025-05-03 10:53:57] Inicio de sesión exitoso para el usuario: admin
[2025-05-03 10:54:17] Inicio de sesión exitoso para el usuario: admin
[2025-05-03 10:55:44] Inicio de sesión exitoso para el usuario: admin
[2025-05-03 10:55:50] Inicio de sesión exitoso para el usuario: admin
[2025-05-03 10:55:58] Inicio de sesión exitoso para el usuario: admin
[2025-05-03 11:03:15] Intento fallido de inicio de sesión para el usuario: hola
[2025-05-03 11:03:16] Inicio de sesión exitoso para el usuario: admin
[2025-05-03 11:03:23] Intento fallido de inicio de sesión para el usuario: admin
[2025-05-03 11:03:25] Intento fallido de inicio de sesión para el usuario: admin
[2025-05-03 11:03:27] Intento fallido de inicio de sesión para el usuario: admin
[2025-05-03 11:03:28] Intento fallido de inicio de sesión para el usuario: admin
[2025-05-03 11:03:30] Intento fallido de inicio de sesión para el usuario: admin
[2025-05-03 11:03:31] Bloqueo por demasiados intentos fallidos para el usuario: admin
[2025-05-03 11:03:31] Bloqueo por demasiados intentos fallidos para el usuario: admin
[2025-05-03 11:03:33] Bloqueo por demasiados intentos fallidos para el usuario: admin
[2025-05-03 11:03:34] Bloqueo por demasiados intentos fallidos para el usuario: admin
[2025-05-03 11:03:36] Bloqueo por demasiados intentos fallidos para el usuario: admin
[2025-05-03 11:03:36] Bloqueo por demasiados intentos fallidos para el usuario: admin
[2025-05-03 11:03:36] Bloqueo por demasiados intentos fallidos para el usuario: admin
[2025-05-03 11:03:36] Bloqueo por demasiados intentos fallidos para el usuario: admin
[2025-05-03 11:03:37] Bloqueo por demasiados intentos fallidos para el usuario: admin
[2025-05-03 11:03:37] Bloqueo por demasiados intentos fallidos para el usuario: admin
[2025-05-03 11:03:37] Bloqueo por demasiados intentos fallidos para el usuario: admin
[2025-05-03 11:03:37] Bloqueo por demasiados intentos fallidos para el usuario: admin
[2025-05-03 11:03:37] Bloqueo por demasiados intentos fallidos para el usuario: admin
[2025-05-03 11:03:38] Bloqueo por demasiados intentos fallidos para el usuario: admin
[2025-05-03 11:03:38] Bloqueo por demasiados intentos fallidos para el usuario: admin
[2025-05-03 11:03:38] Bloqueo por demasiados intentos fallidos para el usuario: admin
[2025-05-03 11:03:40] Bloqueo por demasiados intentos fallidos para el usuario: admin
[2025-05-03 11:03:40] Bloqueo por demasiados intentos fallidos para el usuario: admin
[2025-05-03 11:03:41] Bloqueo por demasiados intentos fallidos para el usuario: admin
[2025-05-03 11:03:45] Bloqueo por demasiados intentos fallidos para el usuario: admin
[2025-05-03 11:05:24] Usuario bloqueado. Tiempo restante: 300 segundos para el usuario: admin
[2025-05-03 11:06:25] Usuario bloqueado. Tiempo restante: 239 segundos para el usuario: admin
[2025-05-03 11:06:29] Usuario bloqueado. Tiempo restante: 235 segundos para el usuario: admin
[2025-05-03 11:06:30] Usuario bloqueado. Tiempo restante: 234 segundos para el usuario: admin
[2025-05-03 11:07:34] Usuario bloqueado. Tiempo restante: 170 segundos para el usuario: admin
[2025-05-03 11:07:35] Usuario bloqueado. Tiempo restante: 169 segundos para el usuario: admin
[2025-05-03 11:07:35] Usuario bloqueado. Tiempo restante: 169 segundos para el usuario: admin
[2025-05-03 11:07:36] Usuario bloqueado. Tiempo restante: 168 segundos para el usuario: admin
[2025-05-03 11:07:36] Usuario bloqueado. Tiempo restante: 168 segundos para el usuario: admin
[2025-05-03 11:07:37] Usuario bloqueado. Tiempo restante: 167 segundos para el usuario: admin
[2025-05-03 11:07:37] Usuario bloqueado. Tiempo restante: 167 segundos para el usuario: admin
[2025-05-03 11:07:37] Usuario bloqueado. Tiempo restante: 167 segundos para el usuario: admin
[2025-05-03 11:07:37] Usuario bloqueado. Tiempo restante: 167 segundos para el usuario: admin
[2025-05-03 11:07:37] Usuario bloqueado. Tiempo restante: 167 segundos para el usuario: admin
[2025-05-03 11:07:44] Usuario bloqueado. Tiempo restante: 160 segundos para el usuario: admin
[2025-05-03 11:07:45] Usuario bloqueado. Tiempo restante: 159 segundos para el usuario: admin
[2025-05-03 11:07:46] Usuario bloqueado. Tiempo restante: 158 segundos para el usuario: admin
[2025-05-03 11:07:46] Usuario bloqueado. Tiempo restante: 158 segundos para el usuario: admin
[2025-05-03 11:07:46] Usuario bloqueado. Tiempo restante: 158 segundos para el usuario: admin
[2025-05-03 11:07:46] Usuario bloqueado. Tiempo restante: 158 segundos para el usuario: admin
[2025-05-03 11:07:47] Usuario bloqueado. Tiempo restante: 157 segundos para el usuario: admin
[2025-05-03 11:10:58] Inicio de sesión exitoso para el usuario: admin
[2025-05-03 11:11:04] Intento fallido de inicio de sesión para el usuario: admin
[2025-05-03 11:11:06] Intento fallido de inicio de sesión para el usuario: admin
[2025-05-03 11:11:07] Intento fallido de inicio de sesión para el usuario: admin
[2025-05-03 11:11:08] Inicio de sesión exitoso para el usuario: admin
[2025-05-03 11:12:39] Intento fallido de inicio de sesión para el usuario: admin
[2025-05-03 11:12:41] Intento fallido de inicio de sesión para el usuario: admin
[2025-05-03 11:12:42] Intento fallido de inicio de sesión para el usuario: admin
[2025-05-03 11:12:44] Intento fallido de inicio de sesión para el usuario: admin
[2025-05-03 11:12:45] Intento fallido de inicio de sesión para el usuario: admin
[2025-05-03 11:12:46] Usuario bloqueado. Tiempo restante: 300 segundos para el usuario: admin
[2025-05-03 11:14:03] Usuario bloqueado. Tiempo restante: 223 segundos para el usuario: admin
[2025-05-03 11:16:53] Usuario bloqueado. Tiempo restante:  segundos para el usuario: admin
[2025-05-03 11:17:24] Usuario bloqueado.
[2025-05-03 11:17:56] Intento fallido de inicio de sesión para el usuario: admin
[2025-05-03 11:17:58] Intento fallido de inicio de sesión para el usuario: admin
[2025-05-03 11:18:00] Intento fallido de inicio de sesión para el usuario: admin
[2025-05-03 11:18:01] Intento fallido de inicio de sesión para el usuario: admin
[2025-05-03 11:18:02] Intento fallido de inicio de sesión para el usuario: admin
[2025-05-03 11:18:07] Usuario bloqueado.
[2025-05-03 11:18:09] Usuario bloqueado.
[2025-05-03 11:18:11] Usuario bloqueado.
[2025-05-03 11:18:12] Usuario bloqueado.
[2025-05-03 11:18:13] Usuario bloqueado.
[2025-05-03 11:18:15] Usuario bloqueado.
[2025-05-03 11:18:16] Usuario bloqueado.
[2025-05-03 11:18:17] Usuario bloqueado.
[2025-05-03 11:18:19] Usuario bloqueado.
[2025-05-03 11:19:01] Usuario bloqueado. Tiempo restante: 246 segundos para el usuario: admin
[2025-05-03 11:19:03] Usuario bloqueado. Tiempo restante: 244 segundos para el usuario: admin
[2025-05-03 11:19:05] Usuario bloqueado. Tiempo restante: 242 segundos para el usuario: admin
[2025-05-03 11:19:05] Usuario bloqueado. Tiempo restante: 242 segundos para el usuario: admin
[2025-05-03 11:19:05] Usuario bloqueado. Tiempo restante: 242 segundos para el usuario: admin
[2025-05-03 11:19:06] Usuario bloqueado. Tiempo restante: 241 segundos para el usuario: admin
[2025-05-03 11:19:06] Usuario bloqueado. Tiempo restante: 241 segundos para el usuario: admin
[2025-05-03 11:19:41] Usuario bloqueado. Tiempo restante: 206 segundos para el usuario: admin
[2025-05-03 11:19:47] Usuario bloqueado. Tiempo restante: 200 segundos para el usuario: admin
[2025-05-03 11:19:49] Usuario bloqueado. Tiempo restante: 198 segundos para el usuario: admin
[2025-05-03 11:19:49] Usuario bloqueado. Tiempo restante: 198 segundos para el usuario: admin
[2025-05-03 11:19:50] Usuario bloqueado. Tiempo restante: 197 segundos para el usuario: admin
[2025-05-03 11:19:50] Usuario bloqueado. Tiempo restante: 197 segundos para el usuario: admin
[2025-05-03 11:19:50] Usuario bloqueado. Tiempo restante: 197 segundos para el usuario: admin
[2025-05-03 11:19:50] Usuario bloqueado. Tiempo restante: 197 segundos para el usuario: admin
[2025-05-03 11:19:50] Usuario bloqueado. Tiempo restante: 197 segundos para el usuario: admin
[2025-05-03 11:19:51] Usuario bloqueado. Tiempo restante: 196 segundos para el usuario: admin
[2025-05-03 11:22:39] Usuario bloqueado. Tiempo restante: 28 segundos para el usuario: admin
[2025-05-03 11:22:51] Usuario bloqueado. Tiempo restante: 16 segundos para el usuario: admin
[2025-05-03 11:22:52] Usuario bloqueado. Tiempo restante: 15 segundos para el usuario: admin
[2025-05-03 11:23:07] Inicio de sesión exitoso para el usuario: admin
[2025-05-03 11:25:35] Inicio de sesión exitoso para el usuario: admin
